<?xml version="1.0" encoding="UTF-8"?>
<!-- Generated by org.testng.reporters.JUnitXMLReporter -->
<testsuite hostname="Ramesh" ignored="0" name="Default test" tests="4" failures="0" timestamp="12 Dec 2021 11:56:14 GMT" time="0.161" errors="0">
  <testcase name="tc1" time="0.031" classname="org.testing.Sample"/>
  <testcase name="tc2" time="0.0" classname="org.testing.Sample"/>
  <testcase name="tc3" time="0.016" classname="org.testing.Sample"/>
  <testcase name="tc4" time="0.0" classname="org.testing.Sample"/>
</testsuite> <!-- Default test -->
