<?xml version="1.0" encoding="UTF-8"?>
<!-- Generated by org.testng.reporters.JUnitXMLReporter -->
<testsuite hostname="Ramesh" ignored="0" name="Test" tests="7" failures="0" timestamp="12 Dec 2021 11:45:30 GMT" time="0.481" errors="0">
  <testcase name="tc11" time="0.002" classname="org.testing.Sample1"/>
  <testcase name="tc22" time="0.016" classname="org.testing.Sample1"/>
  <testcase name="tc33" time="0.0" classname="org.testing.Sample1"/>
  <testcase name="tc1" time="0.201" classname="org.testing.Sample"/>
  <testcase name="tc2" time="0.016" classname="org.testing.Sample"/>
  <testcase name="tc3" time="0.0" classname="org.testing.Sample"/>
  <testcase name="tc4" time="0.031" classname="org.testing.Sample"/>
</testsuite> <!-- Test -->
