<?xml version="1.0" encoding="UTF-8"?>
<!-- Generated by org.testng.reporters.JUnitXMLReporter -->
<testsuite hostname="Ramesh" ignored="0" name="Test" tests="6" failures="0" timestamp="08 Dec 2021 14:48:34 GMT" time="0.503" errors="0">
  <testcase name="tc1" time="0.032" classname="org.testing.Sample"/>
  <testcase name="tc11" time="0.047" classname="org.testing.Sample1"/>
  <testcase name="tc2" time="0.016" classname="org.testing.Sample"/>
  <testcase name="tc3" time="0.0" classname="org.testing.Sample"/>
  <testcase name="tc22" time="0.031" classname="org.testing.Sample1"/>
  <testcase name="tc33" time="0.016" classname="org.testing.Sample1"/>
</testsuite> <!-- Test -->
