<?xml version="1.0" encoding="UTF-8"?>
<testng-results skipped="0" failed="0" ignored="0" total="4" passed="4">
  <reporter-output>
  </reporter-output>
  <suite name="Default suite" duration-ms="161" started-at="2021-12-12T11:56:14Z" finished-at="2021-12-12T11:56:14Z">
    <groups>
    </groups>
    <test name="Default test" duration-ms="161" started-at="2021-12-12T11:56:14Z" finished-at="2021-12-12T11:56:14Z">
      <class name="org.testing.Sample">
        <test-method status="PASS" signature="tc1()[pri:0, instance:org.testing.Sample@5e5792a0]" name="tc1" duration-ms="31" started-at="2021-12-12T11:56:14Z" finished-at="2021-12-12T11:56:14Z">
          <reporter-output>
          </reporter-output>
        </test-method> <!-- tc1 -->
        <test-method status="PASS" signature="tc2()[pri:0, instance:org.testing.Sample@5e5792a0]" name="tc2" duration-ms="0" started-at="2021-12-12T11:56:14Z" finished-at="2021-12-12T11:56:14Z">
          <reporter-output>
          </reporter-output>
        </test-method> <!-- tc2 -->
        <test-method status="PASS" signature="tc3()[pri:0, instance:org.testing.Sample@5e5792a0]" name="tc3" duration-ms="16" started-at="2021-12-12T11:56:14Z" finished-at="2021-12-12T11:56:14Z">
          <reporter-output>
          </reporter-output>
        </test-method> <!-- tc3 -->
        <test-method status="PASS" signature="tc4()[pri:0, instance:org.testing.Sample@5e5792a0]" name="tc4" duration-ms="0" started-at="2021-12-12T11:56:14Z" finished-at="2021-12-12T11:56:14Z">
          <reporter-output>
          </reporter-output>
        </test-method> <!-- tc4 -->
      </class> <!-- org.testing.Sample -->
    </test> <!-- Default test -->
  </suite> <!-- Default suite -->
</testng-results>
